<testsuites id="" name="" tests="3" failures="3" skipped="0" errors="0" time="49.949614000000004">
<testsuite name="smoke.spec.js" timestamp="2025-08-22T20:23:12.832Z" hostname="Desktop Chrome" tests="3" failures="3" skipped="0" time="44.062" errors="0">
<testcase name="Smoke Tests › should load the demo page" classname="smoke.spec.js" time="13.118">
<failure message="smoke.spec.js:9:3 should load the demo page" type="FAILURE">
<![CDATA[  [Desktop Chrome] › smoke.spec.js:9:3 › Smoke Tests › should load the demo page ───────────────────

    Error: expect(page).toHaveTitle(expected) failed

    Expected pattern: /TodoMVC/
    Received string:  "Page not found · GitHub Pages"
    Timeout: 10000ms

    Call log:
      - Expect "toHaveTitle" with timeout 10000ms
        13 × unexpected value "Page not found · GitHub Pages"


      12 |     
      13 |     // Verify the page loads
    > 14 |     await expect(page).toHaveTitle(/TodoMVC/);
         |                        ^
      15 |     
      16 |     // Take a screenshot for verification
      17 |     await page.screenshot({ path: 'test-results/smoke-test.png' });
        at /home/joseph34/Downloads/EcommerceQA-TestSuite/automated-tests/ui-tests/smoke.spec.js:14:24

    attachment #1: screenshot (image/png) ──────────────────────────────────────────────────────────
    ../../config/test-results/development/smoke-Smoke-Tests-should-load-the-demo-page-Desktop-Chrome/test-failed-1.png
    ────────────────────────────────────────────────────────────────────────────────────────────────

    attachment #2: video (video/webm) ──────────────────────────────────────────────────────────────
    ../../config/test-results/development/smoke-Smoke-Tests-should-load-the-demo-page-Desktop-Chrome/video.webm
    ────────────────────────────────────────────────────────────────────────────────────────────────

    Error Context: ../../config/test-results/development/smoke-Smoke-Tests-should-load-the-demo-page-Desktop-Chrome/error-context.md
]]>
</failure>
<system-out>
<![CDATA[
[[ATTACHMENT|../../../test-results/development/smoke-Smoke-Tests-should-load-the-demo-page-Desktop-Chrome/test-failed-1.png]]

[[ATTACHMENT|../../../test-results/development/smoke-Smoke-Tests-should-load-the-demo-page-Desktop-Chrome/video.webm]]

[[ATTACHMENT|../../../test-results/development/smoke-Smoke-Tests-should-load-the-demo-page-Desktop-Chrome/error-context.md]]
]]>
</system-out>
</testcase>
<testcase name="Smoke Tests › should have basic functionality" classname="smoke.spec.js" time="18.404">
<failure message="smoke.spec.js:20:3 should have basic functionality" type="FAILURE">
<![CDATA[  [Desktop Chrome] › smoke.spec.js:20:3 › Smoke Tests › should have basic functionality ────────────

    Error: expect(locator).toBeVisible() failed

    Locator:  locator('.new-todo')
    Expected: visible
    Received: <element(s) not found>
    Timeout:  10000ms

    Call log:
      - Expect "toBeVisible" with timeout 10000ms
      - waiting for locator('.new-todo')


      23 |     // Check if the input field exists
      24 |     const todoInput = page.locator('.new-todo');
    > 25 |     await expect(todoInput).toBeVisible();
         |                             ^
      26 |     
      27 |     // Add a simple todo item
      28 |     await todoInput.fill('Test todo item');
        at /home/joseph34/Downloads/EcommerceQA-TestSuite/automated-tests/ui-tests/smoke.spec.js:25:29

    attachment #1: screenshot (image/png) ──────────────────────────────────────────────────────────
    ../../config/test-results/development/smoke-Smoke-Tests-should-have-basic-functionality-Desktop-Chrome/test-failed-1.png
    ────────────────────────────────────────────────────────────────────────────────────────────────

    attachment #2: video (video/webm) ──────────────────────────────────────────────────────────────
    ../../config/test-results/development/smoke-Smoke-Tests-should-have-basic-functionality-Desktop-Chrome/video.webm
    ────────────────────────────────────────────────────────────────────────────────────────────────

    Error Context: ../../config/test-results/development/smoke-Smoke-Tests-should-have-basic-functionality-Desktop-Chrome/error-context.md
]]>
</failure>
<system-out>
<![CDATA[
[[ATTACHMENT|../../../test-results/development/smoke-Smoke-Tests-should-have-basic-functionality-Desktop-Chrome/test-failed-1.png]]

[[ATTACHMENT|../../../test-results/development/smoke-Smoke-Tests-should-have-basic-functionality-Desktop-Chrome/video.webm]]

[[ATTACHMENT|../../../test-results/development/smoke-Smoke-Tests-should-have-basic-functionality-Desktop-Chrome/error-context.md]]
]]>
</system-out>
</testcase>
<testcase name="Smoke Tests › should handle multiple browsers" classname="smoke.spec.js" time="12.54">
<failure message="smoke.spec.js:36:3 should handle multiple browsers" type="FAILURE">
<![CDATA[  [Desktop Chrome] › smoke.spec.js:36:3 › Smoke Tests › should handle multiple browsers ────────────

    Error: expect(locator).toBeVisible() failed

    Locator:  locator('.new-todo')
    Expected: visible
    Received: <element(s) not found>
    Timeout:  10000ms

    Call log:
      - Expect "toBeVisible" with timeout 10000ms
      - waiting for locator('.new-todo')


      41 |     // Verify basic functionality works across browsers
      42 |     const todoInput = page.locator('.new-todo');
    > 43 |     await expect(todoInput).toBeVisible();
         |                             ^
      44 |     
      45 |     // Browser-specific screenshot
      46 |     await page.screenshot({ 
        at /home/joseph34/Downloads/EcommerceQA-TestSuite/automated-tests/ui-tests/smoke.spec.js:43:29

    attachment #1: screenshot (image/png) ──────────────────────────────────────────────────────────
    ../../config/test-results/development/smoke-Smoke-Tests-should-handle-multiple-browsers-Desktop-Chrome/test-failed-1.png
    ────────────────────────────────────────────────────────────────────────────────────────────────

    attachment #2: video (video/webm) ──────────────────────────────────────────────────────────────
    ../../config/test-results/development/smoke-Smoke-Tests-should-handle-multiple-browsers-Desktop-Chrome/video.webm
    ────────────────────────────────────────────────────────────────────────────────────────────────

    Error Context: ../../config/test-results/development/smoke-Smoke-Tests-should-handle-multiple-browsers-Desktop-Chrome/error-context.md
]]>
</failure>
<system-out>
<![CDATA[Running test in chromium

[[ATTACHMENT|../../../test-results/development/smoke-Smoke-Tests-should-handle-multiple-browsers-Desktop-Chrome/test-failed-1.png]]

[[ATTACHMENT|../../../test-results/development/smoke-Smoke-Tests-should-handle-multiple-browsers-Desktop-Chrome/video.webm]]

[[ATTACHMENT|../../../test-results/development/smoke-Smoke-Tests-should-handle-multiple-browsers-Desktop-Chrome/error-context.md]]
]]>
</system-out>
</testcase>
</testsuite>
</testsuites>