<?xml version="1.0" encoding="UTF-8"?>
<testsuites name="CI Test Results" tests="0" failures="0" time="3.945">
    <testsuite name="UI Tests" tests="0" failures="0" errors="0" time="3.944">

    </testsuite>
</testsuites>